                                %%%%%%%%%%%%%%%
                           %%%%%%%%%%%%%%%%%%%%%%%%
                        %%%%%%%%%%%%%%%%%%%%%%%%%%%%%%
                      %%%%%%%%%%%%%%%%%%%%%%%%%%%%%%%%%%
                    %%%%%%%%%%%%%%%%%%%%%%%%%%%%%%%%%%%%%%
                   %%%%%%%%%%%%%%%%%%%%%%%%%%%%%%%%%%%%%%%%
                                    %%%%%%%%%%%%%%%%%%%%%%%%
                                     %%%%%%%%%%%%%%%%%%%%%%%%
                 ###############      %%%%%%%%%%%%%%%%%%%%%%%%
                ##################     %%%%%%%%%%%%%%%%%%%%%%%
                ###################     %%%%%%%%%%%%%%%%%%%%%%%
                ####################     %%%%%%%%%%%%%%%%%%%%%%
                #####################     %%%%%%%%%%%%%%%%%%%%%
                ######################     %%%%%%%%%%%%%%%%%%%%
                #######################     %%%%%%%%%%%%%%%%%%
                 #######################     %%%%%%%%%%%%%%%%%
                 ######################     %%%%%%%%%%%%%%%%%
                  ####################     %%%%%%%%%%%%%%%%%
                    #################     %%%%%%%%%%%%%%%%%
                     ###############     %%%%%%%%%%%%%%%%
                       ############     %%%%%%%%%%%%%%%
                          ########     %%%%%%%%%%%%%%
                                      %%%%%%%%%%%

                 | The OpenMC Monte Carlo Code
       Copyright | 2011-2025 MIT, UChicago Argonne LLC, and contributors
         License | https://docs.openmc.org/en/latest/license.html
         Version | 0.15.3
     Commit Hash | 27e38e894697bb32a1dac7848d2618818b6b8daf
       Date/Time | 2026-04-28 12:46:55
   MPI Processes | 1
  OpenMP Threads | 32

 Reading settings XML file...
 Reading cross sections XML file...
 Reading materials XML file...
 Reading geometry XML file...
 Reading Fe54 from
 /home/roshan/Fusion_recycling/openmc_data/endfb-viii.1-hdf5/neutron/Fe54.h5
 Reading Fe56 from
 /home/roshan/Fusion_recycling/openmc_data/endfb-viii.1-hdf5/neutron/Fe56.h5
 Reading Fe57 from
 /home/roshan/Fusion_recycling/openmc_data/endfb-viii.1-hdf5/neutron/Fe57.h5
 Reading Fe58 from
 /home/roshan/Fusion_recycling/openmc_data/endfb-viii.1-hdf5/neutron/Fe58.h5
 Reading Cr50 from
 /home/roshan/Fusion_recycling/openmc_data/endfb-viii.1-hdf5/neutron/Cr50.h5
 Reading Cr52 from
 /home/roshan/Fusion_recycling/openmc_data/endfb-viii.1-hdf5/neutron/Cr52.h5
 Reading Cr53 from
 /home/roshan/Fusion_recycling/openmc_data/endfb-viii.1-hdf5/neutron/Cr53.h5
 Reading Cr54 from
 /home/roshan/Fusion_recycling/openmc_data/endfb-viii.1-hdf5/neutron/Cr54.h5
 Reading Li6 from
 /home/roshan/Fusion_recycling/openmc_data/endfb-viii.1-hdf5/neutron/Li6.h5
 Reading Li7 from
 /home/roshan/Fusion_recycling/openmc_data/endfb-viii.1-hdf5/neutron/Li7.h5
 Reading Be9 from
 /home/roshan/Fusion_recycling/openmc_data/endfb-viii.1-hdf5/neutron/Be9.h5
 Reading F19 from
 /home/roshan/Fusion_recycling/openmc_data/endfb-viii.1-hdf5/neutron/F19.h5
 Minimum neutron data temperature: 294 K
 Maximum neutron data temperature: 294 K
 Reading tallies XML file...
 Preparing distributed cell instances...
 Reading plot XML file...
 Writing summary.h5 file...
 Maximum neutron transport energy: 20000000 eV for Li6

 ===============>     FIXED SOURCE TRANSPORT SIMULATION     <===============

 Simulating batch 1
 Simulating batch 2
 Simulating batch 3
 Simulating batch 4
 Simulating batch 5
 Simulating batch 6
 Simulating batch 7
 Simulating batch 8
 Simulating batch 9
 Simulating batch 10
 Simulating batch 11
 Simulating batch 12
 Simulating batch 13
 Simulating batch 14
 Simulating batch 15
 Simulating batch 16
 Simulating batch 17
 Simulating batch 18
 Simulating batch 19
 Simulating batch 20
 Simulating batch 21
 Simulating batch 22
 Simulating batch 23
 Simulating batch 24
 Simulating batch 25
 Simulating batch 26
 Simulating batch 27
 Simulating batch 28
 Simulating batch 29
 Simulating batch 30
 Simulating batch 31
 Simulating batch 32
 Simulating batch 33
 Simulating batch 34
 Simulating batch 35
 Simulating batch 36
 Simulating batch 37
 Simulating batch 38
 Simulating batch 39
 Simulating batch 40
 Simulating batch 41
 Simulating batch 42
 Simulating batch 43
 Simulating batch 44
 Simulating batch 45
 Simulating batch 46
 Simulating batch 47
 Simulating batch 48
 Simulating batch 49
 Simulating batch 50
 Creating state point statepoint.50.h5...

 =======================>     TIMING STATISTICS     <=======================

 Total time for initialization     = 1.7056e+00 seconds
   Reading cross sections          = 1.6607e+00 seconds
 Total time in simulation          = 4.0182e+02 seconds
   Time in transport only          = 3.9903e+02 seconds
   Time in active batches          = 4.0182e+02 seconds
   Time accumulating tallies       = 1.9914e+00 seconds
   Time writing statepoints        = 7.9087e-01 seconds
 Total time for finalization       = 3.6713e+01 seconds
 Total time elapsed                = 4.4068e+02 seconds
 Calculation Rate (active)         = 24886.7 particles/second

 ============================>     RESULTS     <============================

 Leakage Fraction            = 0.02448 +/- 0.00005

